19:37:40.921 INFO  =-=-=-=-=-=-=- Loading command(s) -=-=-=-=-=-=-= 
19:37:41.042 INFO  =-=-=-=-=-=-=- Loading event(s) -=-=-=-=-=-=-= 
19:37:42.202 INFO  -=-=-=-=-=-=-=-=-=-=-=-=-=-=-=-=-=-=-=-=-=-=-=-=-=-=-=-= 
19:37:42.202 INFO  Cateto#4231, ready to watch [12] users in [1] servers. 
19:37:42.202 INFO  -=-=-=-=-=-=-=-=-=-=-=-=-=-=-=-=-=-=-=-=-=-=-=-=-=-=-=-= 
19:42:47.666 INFO  =-=-=-=-=-=-=- Loading command(s) -=-=-=-=-=-=-= 
19:42:47.784 INFO  =-=-=-=-=-=-=- Loading event(s) -=-=-=-=-=-=-= 
19:42:48.455 INFO  -=-=-=-=-=-=-=-=-=-=-=-=-=-=-=-=-=-=-=-=-=-=-=-=-=-=-=-= 
19:42:48.455 INFO  Cateto#4231, ready to watch [12] users in [1] servers. 
19:42:48.455 INFO  -=-=-=-=-=-=-=-=-=-=-=-=-=-=-=-=-=-=-=-=-=-=-=-=-=-=-=-= 
19:44:29.973 INFO  =-=-=-=-=-=-=- Loading command(s) -=-=-=-=-=-=-= 
19:44:30.075 INFO  =-=-=-=-=-=-=- Loading event(s) -=-=-=-=-=-=-= 
19:44:30.742 INFO  -=-=-=-=-=-=-=-=-=-=-=-=-=-=-=-=-=-=-=-=-=-=-=-=-=-=-=-= 
19:44:30.742 INFO  Cateto#4231, ready to watch [12] users in [1] servers. 
19:44:30.743 INFO  -=-=-=-=-=-=-=-=-=-=-=-=-=-=-=-=-=-=-=-=-=-=-=-=-=-=-=-= 
19:50:34.039 INFO  =-=-=-=-=-=-=- Loading command(s) -=-=-=-=-=-=-= 
19:50:34.156 INFO  =-=-=-=-=-=-=- Loading event(s) -=-=-=-=-=-=-= 
19:50:35.008 INFO  -=-=-=-=-=-=-=-=-=-=-=-=-=-=-=-=-=-=-=-=-=-=-=-=-=-=-=-= 
19:50:35.009 INFO  Cateto#4231, ready to watch [12] users in [1] servers. 
19:50:35.009 INFO  -=-=-=-=-=-=-=-=-=-=-=-=-=-=-=-=-=-=-=-=-=-=-=-=-=-=-=-= 
20:18:30.177 INFO  =-=-=-=-=-=-=- Loading command(s) -=-=-=-=-=-=-= 
20:18:30.297 INFO  =-=-=-=-=-=-=- Loading event(s) -=-=-=-=-=-=-= 
20:18:31.033 INFO  -=-=-=-=-=-=-=-=-=-=-=-=-=-=-=-=-=-=-=-=-=-=-=-=-=-=-=-= 
20:18:31.034 INFO  Cateto#4231, ready to watch [12] users in [1] servers. 
20:18:31.034 INFO  -=-=-=-=-=-=-=-=-=-=-=-=-=-=-=-=-=-=-=-=-=-=-=-=-=-=-=-= 
21:30:35.903 INFO  =-=-=-=-=-=-=- Loading command(s) -=-=-=-=-=-=-= 
21:30:37.378 INFO  =-=-=-=-=-=-=- Loading event(s) -=-=-=-=-=-=-= 
21:30:38.016 INFO  -=-=-=-=-=-=-=-=-=-=-=-=-=-=-=-=-=-=-=-=-=-=-=-=-=-=-=-= 
21:30:38.016 INFO  Cateto#4231, ready to watch [12] users in [1] servers. 
21:30:38.016 INFO  -=-=-=-=-=-=-=-=-=-=-=-=-=-=-=-=-=-=-=-=-=-=-=-=-=-=-=-= 
21:30:49.361 ERROR Unhandled promise rejection: Cannot read properties of undefined (reading 'send'). 
21:32:08.185 ERROR Unhandled promise rejection: Cannot read properties of undefined (reading 'send'). 
21:50:21.031 INFO  =-=-=-=-=-=-=- Loading command(s) -=-=-=-=-=-=-= 
21:50:21.122 INFO  =-=-=-=-=-=-=- Loading event(s) -=-=-=-=-=-=-= 
21:50:22.207 INFO  -=-=-=-=-=-=-=-=-=-=-=-=-=-=-=-=-=-=-=-=-=-=-=-=-=-=-=-= 
21:50:22.207 INFO  AeroBot#3768, ready to watch [143] users in [3] servers. 
21:50:22.208 INFO  -=-=-=-=-=-=-=-=-=-=-=-=-=-=-=-=-=-=-=-=-=-=-=-=-=-=-=-= 
22:11:24.094 INFO  =-=-=-=-=-=-=- Loading command(s) -=-=-=-=-=-=-= 
22:11:24.188 INFO  =-=-=-=-=-=-=- Loading event(s) -=-=-=-=-=-=-= 
22:11:25.133 INFO  -=-=-=-=-=-=-=-=-=-=-=-=-=-=-=-=-=-=-=-=-=-=-=-=-=-=-=-= 
22:11:25.134 INFO  AeroBot#3768, ready to watch [145] users in [3] servers. 
22:11:25.134 INFO  -=-=-=-=-=-=-=-=-=-=-=-=-=-=-=-=-=-=-=-=-=-=-=-=-=-=-=-= 
22:18:57.394 ERROR Unhandled promise rejection: Cannot read properties of undefined (reading 'send'). 
22:21:23.926 INFO  =-=-=-=-=-=-=- Loading command(s) -=-=-=-=-=-=-= 
22:21:24.027 INFO  =-=-=-=-=-=-=- Loading event(s) -=-=-=-=-=-=-= 
22:21:25.184 INFO  -=-=-=-=-=-=-=-=-=-=-=-=-=-=-=-=-=-=-=-=-=-=-=-=-=-=-=-= 
22:21:25.184 INFO  AeroBot#3768, ready to watch [145] users in [3] servers. 
22:21:25.184 INFO  -=-=-=-=-=-=-=-=-=-=-=-=-=-=-=-=-=-=-=-=-=-=-=-=-=-=-=-= 
22:33:11.621 ERROR Unhandled promise rejection: Cannot read properties of undefined (reading 'send'). 
22:54:36.174 INFO  =-=-=-=-=-=-=- Loading command(s) -=-=-=-=-=-=-= 
22:54:36.269 INFO  =-=-=-=-=-=-=- Loading event(s) -=-=-=-=-=-=-= 
22:54:36.995 INFO  -=-=-=-=-=-=-=-=-=-=-=-=-=-=-=-=-=-=-=-=-=-=-=-=-=-=-=-= 
22:54:36.996 INFO  AeroBot#3768, ready to watch [144] users in [3] servers. 
22:54:36.996 INFO  -=-=-=-=-=-=-=-=-=-=-=-=-=-=-=-=-=-=-=-=-=-=-=-=-=-=-=-= 
22:56:13.164 INFO  =-=-=-=-=-=-=- Loading command(s) -=-=-=-=-=-=-= 
22:56:13.255 INFO  =-=-=-=-=-=-=- Loading event(s) -=-=-=-=-=-=-= 
22:56:14.027 INFO  -=-=-=-=-=-=-=-=-=-=-=-=-=-=-=-=-=-=-=-=-=-=-=-=-=-=-=-= 
22:56:14.027 INFO  AeroBot#3768, ready to watch [144] users in [3] servers. 
22:56:14.028 INFO  -=-=-=-=-=-=-=-=-=-=-=-=-=-=-=-=-=-=-=-=-=-=-=-=-=-=-=-= 
